<?xml version="1.0" encoding="utf-8" ?>
<!DOCTYPE html PUBLIC "-//W3C//DTD XHTML 1.0 Strict//EN"
        "http://www.w3.org/TR/xhtml1/DTD/xhtml1-strict.dtd">
<html xmlns="http://www.w3.org/1999/xhtml" xml:lang="" lang="">
<head>
  <title>Test Results Report - Login Test</title>
  <meta http-equiv="Content-Type" content="text/html;charset=utf-8" />
  <meta name="description" content="TestNG unit test results." />
  <link href="reportng.css" rel="stylesheet" type="text/css" />
    <script type="text/javascript" src="reportng.js"></script>
</head>
<body>
<h1>Login Test</h1>
<p>
  Test duration: 86.148s
</p>



  <table class="resultsTable">
    <tr><th colspan="3" class="header failed">Failed Tests</th></tr>
          <tr>
        <td colspan="3" class="group">com.nopcommerce.demo.testsuite.LoginPageTest</td>
      </tr>
            
<tr>
  <td class="method">
                  verifyThatUserShouldLogInSuccessFullyWithValidCredentials
      </td>
  <td class="duration">
    21.966s
  </td>
  <td class="result">
        
    
            <div class="testOutput">
                        Clicking on login link[[ChromeDriver: chrome on windows (482fa4d339fc0781699e7a8a593ec97f)] -&gt; link text: Log in]<br />
                                Enter EmailId [[ChromeDriver: chrome on windows (482fa4d339fc0781699e7a8a593ec97f)] -&gt; id: Email]<br />
                                Enter Password [[ChromeDriver: chrome on windows (482fa4d339fc0781699e7a8a593ec97f)] -&gt; name: Password]<br />
                                Click on loginButton[[ChromeDriver: chrome on windows (482fa4d339fc0781699e7a8a593ec97f)] -&gt; xpath: //button[contains(text(),&apos;Log in&apos;)]]<br />
                  </div>
    

        <a href="javascript:toggleElement('exception-0', 'block')" title="Click to expand/collapse"><b>org.openqa.selenium.NoSuchElementException: no such element: Unable to locate element: {&quot;method&quot;:&quot;link text&quot;,&quot;selector&quot;:&quot;Log out&quot;}<br/>
&nbsp; (Session info: chrome=126.0.6478.61)<br/>
For documentation on this error, please visit: https://www.selenium.dev/documentation/webdriver/troubleshooting/errors#no-such-element-exception<br/>
Build info: version: &apos;4.21.0&apos;, revision: &apos;79ed462ef4&apos;<br/>
System info: os.name: &apos;Windows 11&apos;, os.arch: &apos;amd64&apos;, os.version: &apos;10.0&apos;, java.version: &apos;17.0.8&apos;<br/>
Driver info: org.openqa.selenium.chrome.ChromeDriver<br/>
Command: [482fa4d339fc0781699e7a8a593ec97f, findElement {using=link text, value=Log out}]<br/>
Capabilities {acceptInsecureCerts: false, browserName: chrome, browserVersion: 126.0.6478.61, chrome: {chromedriverVersion: 126.0.6478.61 (8dc092df54ce..., userDataDir: C:\Users\smita\AppData\Loca...}, fedcm:accounts: true, goog:chromeOptions: {debuggerAddress: localhost:49271}, networkConnectionEnabled: false, pageLoadStrategy: normal, platformName: windows, proxy: Proxy(), se:cdp: ws://localhost:49271/devtoo..., se:cdpVersion: 126.0.6478.61, setWindowRect: true, strictFileInteractability: false, timeouts: {implicit: 0, pageLoad: 300000, script: 30000}, unhandledPromptBehavior: dismiss and notify, webauthn:extension:credBlob: true, webauthn:extension:largeBlob: true, webauthn:extension:minPinLength: true, webauthn:extension:prf: true, webauthn:virtualAuthenticators: true}<br/>
Session ID: 482fa4d339fc0781699e7a8a593ec97f</b></a><br />
    <div class="stackTrace" id="exception-0">
              java.base/jdk.internal.reflect.NativeConstructorAccessorImpl.newInstance0(Native Method)<br />
              java.base/jdk.internal.reflect.NativeConstructorAccessorImpl.newInstance(NativeConstructorAccessorImpl.java:77)<br />
              java.base/jdk.internal.reflect.DelegatingConstructorAccessorImpl.newInstance(DelegatingConstructorAccessorImpl.java:45)<br />
              java.base/java.lang.reflect.Constructor.newInstanceWithCaller(Constructor.java:499)<br />
              java.base/java.lang.reflect.Constructor.newInstance(Constructor.java:480)<br />
              org.openqa.selenium.remote.ErrorCodec.decode(ErrorCodec.java:167)<br />
              org.openqa.selenium.remote.codec.w3c.W3CHttpResponseCodec.decode(W3CHttpResponseCodec.java:138)<br />
              org.openqa.selenium.remote.codec.w3c.W3CHttpResponseCodec.decode(W3CHttpResponseCodec.java:50)<br />
              org.openqa.selenium.remote.HttpCommandExecutor.execute(HttpCommandExecutor.java:190)<br />
              org.openqa.selenium.remote.service.DriverCommandExecutor.invokeExecute(DriverCommandExecutor.java:216)<br />
              org.openqa.selenium.remote.service.DriverCommandExecutor.execute(DriverCommandExecutor.java:174)<br />
              org.openqa.selenium.remote.RemoteWebDriver.execute(RemoteWebDriver.java:518)<br />
              org.openqa.selenium.remote.ElementLocation$ElementFinder$2.findElement(ElementLocation.java:165)<br />
              org.openqa.selenium.remote.ElementLocation.findElement(ElementLocation.java:59)<br />
              org.openqa.selenium.remote.RemoteWebDriver.findElement(RemoteWebDriver.java:355)<br />
              org.openqa.selenium.remote.RemoteWebDriver.findElement(RemoteWebDriver.java:349)<br />
              org.openqa.selenium.support.pagefactory.DefaultElementLocator.findElement(DefaultElementLocator.java:68)<br />
              org.openqa.selenium.support.pagefactory.internal.LocatingElementHandler.invoke(LocatingElementHandler.java:38)<br />
              jdk.proxy2/jdk.proxy2.$Proxy16.getText(Unknown Source)<br />
              com.nopcommerce.demo.utility.Utility.getTextFromElement(Utility.java:61)<br />
              com.nopcommerce.demo.pages.HomePage.verifyLogoutLinkDisplay(HomePage.java:38)<br />
              com.nopcommerce.demo.testsuite.LoginPageTest.verifyThatUserShouldLogInSuccessFullyWithValidCredentials(LoginPageTest.java:63)<br />
              java.base/jdk.internal.reflect.NativeMethodAccessorImpl.invoke0(Native Method)<br />
              java.base/jdk.internal.reflect.NativeMethodAccessorImpl.invoke(NativeMethodAccessorImpl.java:77)<br />
              java.base/jdk.internal.reflect.DelegatingMethodAccessorImpl.invoke(DelegatingMethodAccessorImpl.java:43)<br />
              java.base/java.lang.reflect.Method.invoke(Method.java:568)<br />
              org.testng.internal.invokers.MethodInvocationHelper.invokeMethod(MethodInvocationHelper.java:141)<br />
              org.testng.internal.invokers.TestInvoker.invokeMethod(TestInvoker.java:686)<br />
              org.testng.internal.invokers.TestInvoker.invokeTestMethod(TestInvoker.java:230)<br />
              org.testng.internal.invokers.MethodRunner.runInSequence(MethodRunner.java:63)<br />
              org.testng.internal.invokers.TestInvoker$MethodInvocationAgent.invoke(TestInvoker.java:992)<br />
              org.testng.internal.invokers.TestInvoker.invokeTestMethods(TestInvoker.java:203)<br />
              org.testng.internal.invokers.TestMethodWorker.invokeTestMethods(TestMethodWorker.java:154)<br />
              org.testng.internal.invokers.TestMethodWorker.run(TestMethodWorker.java:134)<br />
              java.base/java.util.ArrayList.forEach(ArrayList.java:1511)<br />
              org.testng.TestRunner.privateRun(TestRunner.java:739)<br />
              org.testng.TestRunner.run(TestRunner.java:614)<br />
              org.testng.SuiteRunner.runTest(SuiteRunner.java:421)<br />
              org.testng.SuiteRunner.runSequentially(SuiteRunner.java:413)<br />
              org.testng.SuiteRunner.privateRun(SuiteRunner.java:373)<br />
              org.testng.SuiteRunner.run(SuiteRunner.java:312)<br />
              org.testng.SuiteRunnerWorker.runSuite(SuiteRunnerWorker.java:52)<br />
              org.testng.SuiteRunnerWorker.run(SuiteRunnerWorker.java:95)<br />
              org.testng.TestNG.runSuitesSequentially(TestNG.java:1274)<br />
              org.testng.TestNG.runSuitesLocally(TestNG.java:1208)<br />
              org.testng.TestNG.runSuites(TestNG.java:1112)<br />
              org.testng.TestNG.run(TestNG.java:1079)<br />
              com.intellij.rt.testng.IDEARemoteTestNG.run(IDEARemoteTestNG.java:65)<br />
              com.intellij.rt.testng.RemoteTestNGStarter.main(RemoteTestNGStarter.java:105)<br />
                </div>
      </td>
</tr>
<tr>
  <td class="method">
                  verifyThatUserShouldLogOutSuccessFully
      </td>
  <td class="duration">
    21.008s
  </td>
  <td class="result">
        
    
            <div class="testOutput">
                        Clicking on login link[[ChromeDriver: chrome on windows (62c4e10d44b51d34c424e1c69cd848e2)] -&gt; link text: Log in]<br />
                                Enter EmailId [[ChromeDriver: chrome on windows (62c4e10d44b51d34c424e1c69cd848e2)] -&gt; id: Email]<br />
                                Enter Password [[ChromeDriver: chrome on windows (62c4e10d44b51d34c424e1c69cd848e2)] -&gt; name: Password]<br />
                                Click on loginButton[[ChromeDriver: chrome on windows (62c4e10d44b51d34c424e1c69cd848e2)] -&gt; xpath: //button[contains(text(),&apos;Log in&apos;)]]<br />
                  </div>
    

        <a href="javascript:toggleElement('exception-1', 'block')" title="Click to expand/collapse"><b>org.openqa.selenium.NoSuchElementException: no such element: Unable to locate element: {&quot;method&quot;:&quot;link text&quot;,&quot;selector&quot;:&quot;Log out&quot;}<br/>
&nbsp; (Session info: chrome=126.0.6478.61)<br/>
For documentation on this error, please visit: https://www.selenium.dev/documentation/webdriver/troubleshooting/errors#no-such-element-exception<br/>
Build info: version: &apos;4.21.0&apos;, revision: &apos;79ed462ef4&apos;<br/>
System info: os.name: &apos;Windows 11&apos;, os.arch: &apos;amd64&apos;, os.version: &apos;10.0&apos;, java.version: &apos;17.0.8&apos;<br/>
Driver info: org.openqa.selenium.chrome.ChromeDriver<br/>
Command: [62c4e10d44b51d34c424e1c69cd848e2, findElement {using=link text, value=Log out}]<br/>
Capabilities {acceptInsecureCerts: false, browserName: chrome, browserVersion: 126.0.6478.61, chrome: {chromedriverVersion: 126.0.6478.61 (8dc092df54ce..., userDataDir: C:\Users\smita\AppData\Loca...}, fedcm:accounts: true, goog:chromeOptions: {debuggerAddress: localhost:49312}, networkConnectionEnabled: false, pageLoadStrategy: normal, platformName: windows, proxy: Proxy(), se:cdp: ws://localhost:49312/devtoo..., se:cdpVersion: 126.0.6478.61, setWindowRect: true, strictFileInteractability: false, timeouts: {implicit: 0, pageLoad: 300000, script: 30000}, unhandledPromptBehavior: dismiss and notify, webauthn:extension:credBlob: true, webauthn:extension:largeBlob: true, webauthn:extension:minPinLength: true, webauthn:extension:prf: true, webauthn:virtualAuthenticators: true}<br/>
Session ID: 62c4e10d44b51d34c424e1c69cd848e2</b></a><br />
    <div class="stackTrace" id="exception-1">
              java.base/jdk.internal.reflect.NativeConstructorAccessorImpl.newInstance0(Native Method)<br />
              java.base/jdk.internal.reflect.NativeConstructorAccessorImpl.newInstance(NativeConstructorAccessorImpl.java:77)<br />
              java.base/jdk.internal.reflect.DelegatingConstructorAccessorImpl.newInstance(DelegatingConstructorAccessorImpl.java:45)<br />
              java.base/java.lang.reflect.Constructor.newInstanceWithCaller(Constructor.java:499)<br />
              java.base/java.lang.reflect.Constructor.newInstance(Constructor.java:480)<br />
              org.openqa.selenium.remote.ErrorCodec.decode(ErrorCodec.java:167)<br />
              org.openqa.selenium.remote.codec.w3c.W3CHttpResponseCodec.decode(W3CHttpResponseCodec.java:138)<br />
              org.openqa.selenium.remote.codec.w3c.W3CHttpResponseCodec.decode(W3CHttpResponseCodec.java:50)<br />
              org.openqa.selenium.remote.HttpCommandExecutor.execute(HttpCommandExecutor.java:190)<br />
              org.openqa.selenium.remote.service.DriverCommandExecutor.invokeExecute(DriverCommandExecutor.java:216)<br />
              org.openqa.selenium.remote.service.DriverCommandExecutor.execute(DriverCommandExecutor.java:174)<br />
              org.openqa.selenium.remote.RemoteWebDriver.execute(RemoteWebDriver.java:518)<br />
              org.openqa.selenium.remote.ElementLocation$ElementFinder$2.findElement(ElementLocation.java:165)<br />
              org.openqa.selenium.remote.ElementLocation.findElement(ElementLocation.java:59)<br />
              org.openqa.selenium.remote.RemoteWebDriver.findElement(RemoteWebDriver.java:355)<br />
              org.openqa.selenium.remote.RemoteWebDriver.findElement(RemoteWebDriver.java:349)<br />
              org.openqa.selenium.support.pagefactory.DefaultElementLocator.findElement(DefaultElementLocator.java:68)<br />
              org.openqa.selenium.support.pagefactory.internal.LocatingElementHandler.invoke(LocatingElementHandler.java:38)<br />
              jdk.proxy2/jdk.proxy2.$Proxy16.click(Unknown Source)<br />
              com.nopcommerce.demo.utility.Utility.clickOnElement(Utility.java:50)<br />
              com.nopcommerce.demo.pages.HomePage.clickOnLogOutButton(HomePage.java:52)<br />
              com.nopcommerce.demo.testsuite.LoginPageTest.verifyThatUserShouldLogOutSuccessFully(LoginPageTest.java:79)<br />
              java.base/jdk.internal.reflect.NativeMethodAccessorImpl.invoke0(Native Method)<br />
              java.base/jdk.internal.reflect.NativeMethodAccessorImpl.invoke(NativeMethodAccessorImpl.java:77)<br />
              java.base/jdk.internal.reflect.DelegatingMethodAccessorImpl.invoke(DelegatingMethodAccessorImpl.java:43)<br />
              java.base/java.lang.reflect.Method.invoke(Method.java:568)<br />
              org.testng.internal.invokers.MethodInvocationHelper.invokeMethod(MethodInvocationHelper.java:141)<br />
              org.testng.internal.invokers.TestInvoker.invokeMethod(TestInvoker.java:686)<br />
              org.testng.internal.invokers.TestInvoker.invokeTestMethod(TestInvoker.java:230)<br />
              org.testng.internal.invokers.MethodRunner.runInSequence(MethodRunner.java:63)<br />
              org.testng.internal.invokers.TestInvoker$MethodInvocationAgent.invoke(TestInvoker.java:992)<br />
              org.testng.internal.invokers.TestInvoker.invokeTestMethods(TestInvoker.java:203)<br />
              org.testng.internal.invokers.TestMethodWorker.invokeTestMethods(TestMethodWorker.java:154)<br />
              org.testng.internal.invokers.TestMethodWorker.run(TestMethodWorker.java:134)<br />
              java.base/java.util.ArrayList.forEach(ArrayList.java:1511)<br />
              org.testng.TestRunner.privateRun(TestRunner.java:739)<br />
              org.testng.TestRunner.run(TestRunner.java:614)<br />
              org.testng.SuiteRunner.runTest(SuiteRunner.java:421)<br />
              org.testng.SuiteRunner.runSequentially(SuiteRunner.java:413)<br />
              org.testng.SuiteRunner.privateRun(SuiteRunner.java:373)<br />
              org.testng.SuiteRunner.run(SuiteRunner.java:312)<br />
              org.testng.SuiteRunnerWorker.runSuite(SuiteRunnerWorker.java:52)<br />
              org.testng.SuiteRunnerWorker.run(SuiteRunnerWorker.java:95)<br />
              org.testng.TestNG.runSuitesSequentially(TestNG.java:1274)<br />
              org.testng.TestNG.runSuitesLocally(TestNG.java:1208)<br />
              org.testng.TestNG.runSuites(TestNG.java:1112)<br />
              org.testng.TestNG.run(TestNG.java:1079)<br />
              com.intellij.rt.testng.IDEARemoteTestNG.run(IDEARemoteTestNG.java:65)<br />
              com.intellij.rt.testng.RemoteTestNGStarter.main(RemoteTestNGStarter.java:105)<br />
                </div>
      </td>
</tr>
      </table>


  <table class="resultsTable">
    <tr><th colspan="3" class="header passed">Passed Tests</th></tr>
          <tr>
        <td colspan="3" class="group">com.nopcommerce.demo.testsuite.ComputerPageTest</td>
      </tr>
            
<tr>
  <td class="method">
                  verifyThatUserShouldBuildYouOwnComputerAndAddThemToCartSuccessfully
      </td>
  <td class="duration">
    1.844s
  </td>
  <td class="result">
        
          <i>Method arguments: </i><span class="arguments">"2.2 GHz Intel Pentium Dual-Core E2200", "2 GB", "320 GB", "Vista Home [+$50.00]", "Microsoft Office [+$50.00]"</span><br />
    
            <div class="testOutput">
                        Clicking on logout link[[ChromeDriver: chrome on windows (c91697590fb3390ae58139cff7b65aef)] -&gt; xpath: //ul[@class=&apos;top-menu notmobile&apos;]//a[normalize-space()=&apos;Desktops&apos;]]<br />
                                Clicking on logout link[[ChromeDriver: chrome on windows (c91697590fb3390ae58139cff7b65aef)] -&gt; xpath: //body/div[6]/div[3]/div[1]/div[3]/div[1]/div[2]/div[2]/div[2]/div[1]/div[1]/div[1]/div[1]/div[1]/a[1]/img[1]]<br />
                                select processor[[ChromeDriver: chrome on windows (c91697590fb3390ae58139cff7b65aef)] -&gt; css selector: #product_attribute_1]<br />
                                select ram[[ChromeDriver: chrome on windows (c91697590fb3390ae58139cff7b65aef)] -&gt; css selector: #product_attribute_2]<br />
                                select hdd[[[ChromeDriver: chrome on windows (c91697590fb3390ae58139cff7b65aef)] -&gt; name: product_attribute_3], [[ChromeDriver: chrome on windows (c91697590fb3390ae58139cff7b65aef)] -&gt; name: product_attribute_3]]<br />
                                select os[[[ChromeDriver: chrome on windows (c91697590fb3390ae58139cff7b65aef)] -&gt; name: product_attribute_4], [[ChromeDriver: chrome on windows (c91697590fb3390ae58139cff7b65aef)] -&gt; name: product_attribute_4]]<br />
                                select checkBox[[[ChromeDriver: chrome on windows (c91697590fb3390ae58139cff7b65aef)] -&gt; name: product_attribute_5], [[ChromeDriver: chrome on windows (c91697590fb3390ae58139cff7b65aef)] -&gt; name: product_attribute_5], [[ChromeDriver: chrome on windows (c91697590fb3390ae58139cff7b65aef)] -&gt; name: product_attribute_5]]<br />
                                Clicking on logout link[[ChromeDriver: chrome on windows (c91697590fb3390ae58139cff7b65aef)] -&gt; css selector: #add-to-cart-button-1]<br />
                                Get product successfully added text[[ChromeDriver: chrome on windows (c91697590fb3390ae58139cff7b65aef)] -&gt; xpath: //p[@class=&apos;content&apos;]]<br />
                  </div>
    

      </td>
</tr>
<tr>
  <td class="method">
                  verifyThatUserShouldBuildYouOwnComputerAndAddThemToCartSuccessfully
      </td>
  <td class="duration">
    1.933s
  </td>
  <td class="result">
        
          <i>Method arguments: </i><span class="arguments">"2.5 GHz Intel Pentium Dual-Core E2200 [+$15.00]", "4GB [+$20.00]", "400 GB [+$100.00]", "Vista Premium [+$60.00]", "Acrobat Reader [+$10.00]"</span><br />
    
            <div class="testOutput">
                        Clicking on logout link[[ChromeDriver: chrome on windows (52e52a02a5590a0b1c4e145ede98fc27)] -&gt; xpath: //ul[@class=&apos;top-menu notmobile&apos;]//a[normalize-space()=&apos;Desktops&apos;]]<br />
                                Clicking on logout link[[ChromeDriver: chrome on windows (52e52a02a5590a0b1c4e145ede98fc27)] -&gt; xpath: //body/div[6]/div[3]/div[1]/div[3]/div[1]/div[2]/div[2]/div[2]/div[1]/div[1]/div[1]/div[1]/div[1]/a[1]/img[1]]<br />
                                select processor[[ChromeDriver: chrome on windows (52e52a02a5590a0b1c4e145ede98fc27)] -&gt; css selector: #product_attribute_1]<br />
                                select ram[[ChromeDriver: chrome on windows (52e52a02a5590a0b1c4e145ede98fc27)] -&gt; css selector: #product_attribute_2]<br />
                                select hdd[[[ChromeDriver: chrome on windows (52e52a02a5590a0b1c4e145ede98fc27)] -&gt; name: product_attribute_3], [[ChromeDriver: chrome on windows (52e52a02a5590a0b1c4e145ede98fc27)] -&gt; name: product_attribute_3]]<br />
                                select os[[[ChromeDriver: chrome on windows (52e52a02a5590a0b1c4e145ede98fc27)] -&gt; name: product_attribute_4], [[ChromeDriver: chrome on windows (52e52a02a5590a0b1c4e145ede98fc27)] -&gt; name: product_attribute_4]]<br />
                                select checkBox[[[ChromeDriver: chrome on windows (52e52a02a5590a0b1c4e145ede98fc27)] -&gt; name: product_attribute_5], [[ChromeDriver: chrome on windows (52e52a02a5590a0b1c4e145ede98fc27)] -&gt; name: product_attribute_5], [[ChromeDriver: chrome on windows (52e52a02a5590a0b1c4e145ede98fc27)] -&gt; name: product_attribute_5]]<br />
                                Clicking on logout link[[ChromeDriver: chrome on windows (52e52a02a5590a0b1c4e145ede98fc27)] -&gt; css selector: #add-to-cart-button-1]<br />
                                Get product successfully added text[[ChromeDriver: chrome on windows (52e52a02a5590a0b1c4e145ede98fc27)] -&gt; xpath: //p[@class=&apos;content&apos;]]<br />
                  </div>
    

      </td>
</tr>
<tr>
  <td class="method">
                  verifyThatUserShouldBuildYouOwnComputerAndAddThemToCartSuccessfully
      </td>
  <td class="duration">
    1.859s
  </td>
  <td class="result">
        
          <i>Method arguments: </i><span class="arguments">"2.5 GHz Intel Pentium Dual-Core E2200 [+$15.00]", "8GB [+$60.00]", "320 GB", "Vista Home [+$50.00]", "Total Commander [+$5.00]"</span><br />
    
            <div class="testOutput">
                        Clicking on logout link[[ChromeDriver: chrome on windows (23e84fbe2a94b9429b107e6e7c8911dc)] -&gt; xpath: //ul[@class=&apos;top-menu notmobile&apos;]//a[normalize-space()=&apos;Desktops&apos;]]<br />
                                Clicking on logout link[[ChromeDriver: chrome on windows (23e84fbe2a94b9429b107e6e7c8911dc)] -&gt; xpath: //body/div[6]/div[3]/div[1]/div[3]/div[1]/div[2]/div[2]/div[2]/div[1]/div[1]/div[1]/div[1]/div[1]/a[1]/img[1]]<br />
                                select processor[[ChromeDriver: chrome on windows (23e84fbe2a94b9429b107e6e7c8911dc)] -&gt; css selector: #product_attribute_1]<br />
                                select ram[[ChromeDriver: chrome on windows (23e84fbe2a94b9429b107e6e7c8911dc)] -&gt; css selector: #product_attribute_2]<br />
                                select hdd[[[ChromeDriver: chrome on windows (23e84fbe2a94b9429b107e6e7c8911dc)] -&gt; name: product_attribute_3], [[ChromeDriver: chrome on windows (23e84fbe2a94b9429b107e6e7c8911dc)] -&gt; name: product_attribute_3]]<br />
                                select os[[[ChromeDriver: chrome on windows (23e84fbe2a94b9429b107e6e7c8911dc)] -&gt; name: product_attribute_4], [[ChromeDriver: chrome on windows (23e84fbe2a94b9429b107e6e7c8911dc)] -&gt; name: product_attribute_4]]<br />
                                select checkBox[[[ChromeDriver: chrome on windows (23e84fbe2a94b9429b107e6e7c8911dc)] -&gt; name: product_attribute_5], [[ChromeDriver: chrome on windows (23e84fbe2a94b9429b107e6e7c8911dc)] -&gt; name: product_attribute_5], [[ChromeDriver: chrome on windows (23e84fbe2a94b9429b107e6e7c8911dc)] -&gt; name: product_attribute_5]]<br />
                                Clicking on logout link[[ChromeDriver: chrome on windows (23e84fbe2a94b9429b107e6e7c8911dc)] -&gt; css selector: #add-to-cart-button-1]<br />
                                Get product successfully added text[[ChromeDriver: chrome on windows (23e84fbe2a94b9429b107e6e7c8911dc)] -&gt; xpath: //p[@class=&apos;content&apos;]]<br />
                  </div>
    

      </td>
</tr>
<tr>
  <td class="method">
                  verifyUserShouldNavigateToComputerPageSuccessfully
      </td>
  <td class="duration">
    0.514s
  </td>
  <td class="result">
        
    
            <div class="testOutput">
                        Clicking on computer link[[ChromeDriver: chrome on windows (9871bafc8b15193db2c1f6ed2c89bc67)] -&gt; xpath: //ul[@class=&apos;top-menu notmobile&apos;]//a[contains(text(), &apos;Computers &apos;)]]<br />
                                Get computer text[[ChromeDriver: chrome on windows (9871bafc8b15193db2c1f6ed2c89bc67)] -&gt; xpath: //h1]<br />
                  </div>
    

      </td>
</tr>
<tr>
  <td class="method">
                  verifyUserShouldNavigateToDesktopsPageSuccessfully
      </td>
  <td class="duration">
    0.741s
  </td>
  <td class="result">
        
    
            <div class="testOutput">
                        Clicking on logout link[[ChromeDriver: chrome on windows (9e3341c7fe8591f24b525e7a02c41fbe)] -&gt; xpath: //ul[@class=&apos;top-menu notmobile&apos;]//a[normalize-space()=&apos;Desktops&apos;]]<br />
                                Get desktop text[[ChromeDriver: chrome on windows (9e3341c7fe8591f24b525e7a02c41fbe)] -&gt; xpath: //h1]<br />
                  </div>
    

      </td>
</tr>
          <tr>
        <td colspan="3" class="group">com.nopcommerce.demo.testsuite.LoginPageTest</td>
      </tr>
            
<tr>
  <td class="method">
                  userShouldNavigateToLoginPageSuccessFully
      </td>
  <td class="duration">
    0.507s
  </td>
  <td class="result">
        
    
            <div class="testOutput">
                        Clicking on login link[[ChromeDriver: chrome on windows (d5d94ffdfacfad5187ae3fa00072d0be)] -&gt; link text: Log in]<br />
                                Get welcome text[[ChromeDriver: chrome on windows (d5d94ffdfacfad5187ae3fa00072d0be)] -&gt; xpath: //h1[contains(text(),&apos;Welcome, Please Sign In!&apos;)]]<br />
                  </div>
    

      </td>
</tr>
<tr>
  <td class="method">
                  verifyTheErrorMessageWithInValidCredentials
      </td>
  <td class="duration">
    1.006s
  </td>
  <td class="result">
        
    
            <div class="testOutput">
                        Clicking on login link[[ChromeDriver: chrome on windows (f65922d311e67f0b0c85b393d76fef3e)] -&gt; link text: Log in]<br />
                                Enter EmailId [[ChromeDriver: chrome on windows (f65922d311e67f0b0c85b393d76fef3e)] -&gt; id: Email]<br />
                                Enter Password [[ChromeDriver: chrome on windows (f65922d311e67f0b0c85b393d76fef3e)] -&gt; name: Password]<br />
                                Click on loginButton[[ChromeDriver: chrome on windows (f65922d311e67f0b0c85b393d76fef3e)] -&gt; xpath: //button[contains(text(),&apos;Log in&apos;)]]<br />
                                Get errorMessage[[ChromeDriver: chrome on windows (f65922d311e67f0b0c85b393d76fef3e)] -&gt; xpath: //div[@class=&apos;message-error validation-summary-errors&apos;]]<br />
                  </div>
    

      </td>
</tr>
          <tr>
        <td colspan="3" class="group">com.nopcommerce.demo.testsuite.RegisterPageTest</td>
      </tr>
            
<tr>
  <td class="method">
                  verifyThatFirstNameLastNameEmailPasswordAndConfirmPasswordFieldsAreMandatory
      </td>
  <td class="duration">
    1.017s
  </td>
  <td class="result">
        
    
            <div class="testOutput">
                        Clicking on register link[[ChromeDriver: chrome on windows (20c72b50f711169269892536d03f9074)] -&gt; link text: Register]<br />
                                Clicking on register link[[ChromeDriver: chrome on windows (20c72b50f711169269892536d03f9074)] -&gt; xpath: //button[@id=&apos;register-button&apos;]]<br />
                                Get first name required text display[[ChromeDriver: chrome on windows (20c72b50f711169269892536d03f9074)] -&gt; id: FirstName-error]<br />
                                Get last name required text display[[ChromeDriver: chrome on windows (20c72b50f711169269892536d03f9074)] -&gt; id: LastName-error]<br />
                                Get Email required text display[[ChromeDriver: chrome on windows (20c72b50f711169269892536d03f9074)] -&gt; id: Email-error]<br />
                                Get password required text display[[ChromeDriver: chrome on windows (20c72b50f711169269892536d03f9074)] -&gt; id: ConfirmPassword-error]<br />
                  </div>
    

      </td>
</tr>
<tr>
  <td class="method">
                  verifyThatUserShouldCreateAccountSuccessfully
      </td>
  <td class="duration">
    1.709s
  </td>
  <td class="result">
        
    
            <div class="testOutput">
                        Clicking on register link[[ChromeDriver: chrome on windows (df92a7638bb1617a6e2106a87c5937d0)] -&gt; link text: Register]<br />
                                Clicking on female radio button[[ChromeDriver: chrome on windows (df92a7638bb1617a6e2106a87c5937d0)] -&gt; id: gender-female]<br />
                                Enter First Name [[ChromeDriver: chrome on windows (df92a7638bb1617a6e2106a87c5937d0)] -&gt; id: FirstName]<br />
                                Enter Last Name [[ChromeDriver: chrome on windows (df92a7638bb1617a6e2106a87c5937d0)] -&gt; id: LastName]<br />
                                Enter date [[ChromeDriver: chrome on windows (df92a7638bb1617a6e2106a87c5937d0)] -&gt; name: DateOfBirthDay]<br />
                                Enter month [[ChromeDriver: chrome on windows (df92a7638bb1617a6e2106a87c5937d0)] -&gt; name: DateOfBirthMonth]<br />
                                Enter year [[ChromeDriver: chrome on windows (df92a7638bb1617a6e2106a87c5937d0)] -&gt; name: DateOfBirthYear]<br />
                                Enter emailId [[ChromeDriver: chrome on windows (df92a7638bb1617a6e2106a87c5937d0)] -&gt; id: Email]<br />
                                Enter password [[ChromeDriver: chrome on windows (df92a7638bb1617a6e2106a87c5937d0)] -&gt; id: Password]<br />
                                Enter confirm password [[ChromeDriver: chrome on windows (df92a7638bb1617a6e2106a87c5937d0)] -&gt; id: ConfirmPassword]<br />
                                Clicking on register link[[ChromeDriver: chrome on windows (df92a7638bb1617a6e2106a87c5937d0)] -&gt; xpath: //button[@id=&apos;register-button&apos;]]<br />
                                Registration complete text display[[ChromeDriver: chrome on windows (df92a7638bb1617a6e2106a87c5937d0)] -&gt; xpath: //div[@class = &apos;result&apos;]]<br />
                  </div>
    

      </td>
</tr>
<tr>
  <td class="method">
                  verifyUserShouldNavigateToRegisterPageSuccessfully
      </td>
  <td class="duration">
    0.491s
  </td>
  <td class="result">
        
    
            <div class="testOutput">
                        Clicking on register link[[ChromeDriver: chrome on windows (57a4755c6970e51be5438397498649f1)] -&gt; link text: Register]<br />
                                Get register text[[ChromeDriver: chrome on windows (57a4755c6970e51be5438397498649f1)] -&gt; xpath: //h1[contains(text(),&apos;Register&apos;)]]<br />
                  </div>
    

      </td>
</tr>
      </table>
  
</body>
</html>
